d:\项目\so_tts\tts-最终备份\g-tts-v1\ttsdemo\release\ttsdemo.pch
d:\项目\so_tts\tts-最终备份\g-tts-v1\ttsdemo\release\vc120.pdb
d:\项目\so_tts\tts-最终备份\g-tts-v1\ttsdemo\release\stdafx.obj
d:\项目\so_tts\tts-最终备份\g-tts-v1\ttsdemo\release\word_seg_lib.obj
d:\项目\so_tts\tts-最终备份\g-tts-v1\ttsdemo\release\tts_all.obj
d:\项目\so_tts\tts-最终备份\g-tts-v1\ttsdemo\release\pre_pro.obj
d:\项目\so_tts\tts-最终备份\g-tts-v1\ttsdemo\release\ttsinitdlg.obj
d:\项目\so_tts\tts-最终备份\g-tts-v1\ttsdemo\release\ttsdemoutils.obj
d:\项目\so_tts\tts-最终备份\g-tts-v1\ttsdemo\release\ttsdemodlg.obj
d:\项目\so_tts\tts-最终备份\g-tts-v1\ttsdemo\release\ttsdemo.obj
d:\项目\so_tts\tts-最终备份\g-tts-v1\release\ttsdemo.exe
d:\项目\so_tts\tts-最终备份\g-tts-v1\release\ttsdemo.pdb
d:\项目\so_tts\tts-最终备份\g-tts-v1\ttsdemo\release\ttsdemo.res
d:\项目\so_tts\tts-最终备份\g-tts-v1\release\ttsdemo.lib
d:\项目\so_tts\tts-最终备份\g-tts-v1\release\ttsdemo.exp
d:\项目\so_tts\tts-最终备份\g-tts-v1\ttsdemo\release\ttsdemo.tlog\cl.command.1.tlog
d:\项目\so_tts\tts-最终备份\g-tts-v1\ttsdemo\release\ttsdemo.tlog\cl.read.1.tlog
d:\项目\so_tts\tts-最终备份\g-tts-v1\ttsdemo\release\ttsdemo.tlog\cl.write.1.tlog
d:\项目\so_tts\tts-最终备份\g-tts-v1\ttsdemo\release\ttsdemo.tlog\link.command.1.tlog
d:\项目\so_tts\tts-最终备份\g-tts-v1\ttsdemo\release\ttsdemo.tlog\link.read.1.tlog
d:\项目\so_tts\tts-最终备份\g-tts-v1\ttsdemo\release\ttsdemo.tlog\link.write.1.tlog
d:\项目\so_tts\tts-最终备份\g-tts-v1\ttsdemo\release\ttsdemo.tlog\rc.command.1.tlog
d:\项目\so_tts\tts-最终备份\g-tts-v1\ttsdemo\release\ttsdemo.tlog\rc.read.1.tlog
d:\项目\so_tts\tts-最终备份\g-tts-v1\ttsdemo\release\ttsdemo.tlog\rc.write.1.tlog
d:\项目\so_tts\tts-最终备份\g-tts-v1\ttsdemo\release\ttsdemo.tlog\ttsdemo.write.1u.tlog
