input_char*:北京海天瑞声科技有限公司是一家全球领先的、多语言、跨领域的人工智能数据资源及相关数据服务的提供商。

中国共产党第十八届中央委员会第六次全体会议，于2016年10月24日至27日在北京举行。出席这次全会的有，中央委员197人，候补中央委员151人。中央纪律检查委员会委员和有关方面负责同志列席会议。党的十八大代表中部分基层同志和专家学者也列席会议。

北京时间10月28日（美国东部时间10月27日），全球最大中文搜索引擎百度，公布了截至2016年9月30日第三季度未经审计的财务报告。该季度，百度总营收为182.53亿元（约合27.37亿美元），移除去哪网影响，实际同比增长6.7%，净利润为31.02亿元（约合4.652亿美元），同比增长9.2%。其中，移动营收占比持续上升达64%。
=split_str1:北京海天瑞声科技有限公司是一家全球领先的、多语言、跨领域的人工智能数据资源及相关数据服务的提供商。

tn:北京海天瑞声科技有限公司是一家全球领先的、多语言、跨领域的人工智能数据资源及相关数据服务的提供商。
pre_pro:北京海天瑞声科技有限公司是一家全球领先的
split=/ns /nz Ƽ/n ޹˾/n /v һ/m /q ȫ/n /v /u 
pre_pro:多语言
split=/m /n 
pre_pro:跨领域的人工智能数据资源及相关数据服务的提供商
split=/v /n /u ˹/n /n Դ/n /c /vn /n /vn /u ṩ/v /Vg 
=split_str1:

tn:
=split_str1:中国共产党第十八届中央委员会第六次全体会议，于2016年10月24日至27日在北京举行。出席这次全会的有，中央委员197人，候补中央委员151人。中央纪律检查委员会委员和有关方面负责同志列席会议。党的十八大代表中部分基层同志和专家学者也列席会议。

tn:中国共产党第十八届中央委员会第六次全体会议，于二零一六年十月二十四日至二十七日在北京举行。出席这次全会的有，中央委员一百九十七人，候补中央委员一百五十一人。中央纪律检查委员会委员和有关方面负责同志列席会议。党的十八大代表中部分基层同志和专家学者也列席会议。
pre_pro:中国共产党第十八届中央委员会第六次全体会议
split=й/nt ʮ/m /q /n ίԱ/n /m /q ȫ/n /n 
pre_pro:于二零一六年十月二十四日至二十七日在北京举行
split=/p һ/t ʮ/t ʮ/t /p ʮ/t /p /ns /v 
pre_pro:出席这次全会的有
split=ϯ/v /r /q ȫ/n /u /v 
pre_pro:中央委员一百九十七人
split=ίԱ/n һپʮ/m /n 
pre_pro:候补中央委员一百五十一人
split=/b ίԱ/n һʮһ/m /n 
pre_pro:中央纪律检查委员会委员和有关方面负责同志列席会议
split=ɼίԱ/nt ίԱ/n /c й/vn /n /v ͬ־/n ϯ/v /n 
pre_pro:党的十八大代表中部分基层同志和专家学者也列席会议
split=/n /u ʮ/m /a /n /f /m /n ͬ־/n /c ר/n ѧ/n Ҳ/d ϯ/v /n 
=split_str1:

tn:
=split_str1:北京时间10月28日（美国东部时间10月27日），全球最大中文搜索引擎百度，公布了截至2016年9月30日第三季度未经审计的财务报告。该季度，百度总营收为182.53亿元（约合27.37亿美元），移除去哪网影响，实际同比增长6.7%，净利润为31.02亿元（约合4.652亿美元），同比增长9.2%。其中，移动营收占比持续上升达64%。
tn:北京时间十月二十八日（美国东部时间十月二十七日），全球最大中文搜索引擎百度，公布了截至二零一六年九月三十日第三季度未经审计的财务报告。该季度，百度总营收为一百八十二点五三亿元（约合二十七点三七亿美元），移除去哪网影响，实际同比增长百分之六点七，净利润为三十一点零二亿元（约合四点六五二亿美元），同比增长百分之九点二。其中，移动营收占比持续上升达百分之六十四。
pre_pro:北京时间十月二十八日
split=/ns ʱ/n ʮ/t ʮ/t 
pre_pro:美国东部时间十月二十七日
split=/ns /f ʱ/n ʮ/t ʮ/t 
pre_pro:全球最大中文搜索引擎百度
split=ȫ/n /d /a /nz /n ٶ/nz 
pre_pro:公布了截至二零一六年九月三十日第三季度未经审计的财务报告
split=/v /u /v һ/t /t ʮ/t /m /n δ/d /p /vn /u /n /n 
pre_pro:该季度
split=/r /n 
pre_pro:百度总营收为一百八十二点五三亿元
split=ٶ/nz /b Ӫ/n /v Ϊ/p һٰʮ/m Ԫ/q 
pre_pro:约合二十七点三七亿美元
split=Լ/d /v ʮߵ/m Ԫ/q 
pre_pro:移除去哪网影响
split=/v ȥ/v /r /n Ӱ/vn 
pre_pro:实际同比增长百分之六点七
split=ʵ/n ͬ/n /v ٷ֮/m 
pre_pro:净利润为三十一点零二亿元
split=/n Ϊ/p ʮһ/m Ԫ/q 
pre_pro:约合四点六五二亿美元
split=Լ/d /v ĵ/m Ԫ/q 
pre_pro:同比增长百分之九点二
split=ͬ/n /v ٷ֮ŵ/m 
pre_pro:其中
split=/r 
pre_pro:移动营收占比持续上升达百分之六十四
split=ƶ/vn Ӫ/n /v ռ/v /p /vd /v /v ٷ֮ʮ/m 
input_char*:北京海天瑞声科技有限公司是一家全球领先的、多语言、跨领域的人工智能数据资源及相关数据服务的提供商。

中国共产党第十八届中央委员会第六次全体会议，于2016年10月24日至27日在北京举行。出席这次全会的有，中央委员197人，候补中央委员151人。中央纪律检查委员会委员和有关方面负责同志列席会议。党的十八大代表中部分基层同志和专家学者也列席会议。

北京时间10月28日（美国东部时间10月27日），全球最大中文搜索引擎百度，公布了截至2016年9月30日第三季度未经审计的财务报告。该季度，百度总营收为182.53亿元（约合27.37亿美元），移除去哪网影响，实际同比增长6.7%，净利润为31.02亿元（约合4.652亿美元），同比增长9.2%。其中，移动营收占比持续上升达64%。
=split_str1:北京海天瑞声科技有限公司是一家全球领先的、多语言、跨领域的人工智能数据资源及相关数据服务的提供商。

tn:北京海天瑞声科技有限公司是一家全球领先的、多语言、跨领域的人工智能数据资源及相关数据服务的提供商。
pre_pro:北京海天瑞声科技有限公司是一家全球领先的
split=/ns /nz Ƽ/n ޹˾/n /v һ/m /q ȫ/n /v /u 
pre_pro:多语言
split=/m /n 
pre_pro:跨领域的人工智能数据资源及相关数据服务的提供商
split=/v /n /u ˹/n /n Դ/n /c /vn /n /vn /u ṩ/v /Vg 
=split_str1:

tn:
=split_str1:中国共产党第十八届中央委员会第六次全体会议，于2016年10月24日至27日在北京举行。出席这次全会的有，中央委员197人，候补中央委员151人。中央纪律检查委员会委员和有关方面负责同志列席会议。党的十八大代表中部分基层同志和专家学者也列席会议。

tn:中国共产党第十八届中央委员会第六次全体会议，于二零一六年十月二十四日至二十七日在北京举行。出席这次全会的有，中央委员一百九十七人，候补中央委员一百五十一人。中央纪律检查委员会委员和有关方面负责同志列席会议。党的十八大代表中部分基层同志和专家学者也列席会议。
pre_pro:中国共产党第十八届中央委员会第六次全体会议
split=й/nt ʮ/m /q /n ίԱ/n /m /q ȫ/n /n 
pre_pro:于二零一六年十月二十四日至二十七日在北京举行
split=/p һ/t ʮ/t ʮ/t /p ʮ/t /p /ns /v 
pre_pro:出席这次全会的有
split=ϯ/v /r /q ȫ/n /u /v 
pre_pro:中