tline=²âÊÔ/v Ò»ÏÂ/m ¹ş¹ş¹ş/o ¹ş¹ş¹ş/o 
TTS_Label_Init ok!
GetWordSegmentAndPosTagger ok!

nWord=4
²âÊÔ/v Ò»ÏÂ/m ¹ş¹ş¹ş/o ¹ş¹ş¹ş/o GetProsodicTag ok!
Char2Pinyin ok!

nChar=10
pinyinseq[0]:ce4	ptag[0]     :0
pinyinseq[1]:shi4	ptag[1]     :1
pinyinseq[2]:yi2	ptag[2]     :0
pinyinseq[3]:xia4	ptag[3]     :3
pinyinseq[4]:ha1	ptag[4]     :0
pinyinseq[5]:ha1	ptag[5]     :0
pinyinseq[6]:ha1	ptag[6]     :1
pinyinseq[7]:ha1	ptag[7]     :0
pinyinseq[8]:ha1	ptag[8]     :0
pinyinseq[9]:ha1	ptag[9]     :4
py_bd is over !

nChar=10
pinyinseq[0]:ce4	ptag[0]     :0
pinyinseq[1]:shi4	ptag[1]     :1
pinyinseq[2]:yi2	ptag[2]     :0
pinyinseq[3]:xia4	ptag[3]     :3
pinyinseq[4]:ha1	ptag[4]     :0
pinyinseq[5]:ha1	ptag[5]     :0
pinyinseq[6]:ha1	ptag[6]     :1
pinyinseq[7]:ha1	ptag[7]     :0
pinyinseq[8]:ha1	ptag[8]     :0
pinyinseq[9]:ha1	ptag[9]     :4
TtsLabel_ObtainLabelCharSeq ok!
PrintLabel ok!
²âÊÔ Ò»ÏÂ$¹ş¹ş¹ş ¹ş¹ş¹ş$

LPCSynth ok!
tline=¹ş¹ş/o ²âÊÔ/v Ò»ÏÂ/m 
TTS_Label_Init ok!
GetWordSegmentAndPosTagger ok!

nWord=3
¹ş¹ş/o ²âÊÔ/v Ò»ÏÂ/m GetProsodicTag ok!
Char2Pinyin ok!

nChar=6
pinyinseq[0]:ha1	ptag[0]     :0
pinyinseq[1]:ha1	ptag[1]     :3
pinyinseq[2]:ce4	ptag[2]     :0
pinyinseq[3]:shi4	ptag[3]     :1
pinyinseq[4]:yi2	ptag[4]     :0
pinyinseq[5]:xia4	ptag[5]     :4
py_bd is over !

nChar=6
pinyinseq[0]:ha1	ptag[0]     :0
pinyinseq[1]:ha1	ptag[1]     :3
pinyinseq[2]:ce4	ptag[2]     :0
pinyinseq[3]:shi4	ptag[3]     :1
pinyinseq[4]:yi2	ptag[4]     :0
pinyinseq[5]:xia4	ptag[5]     :4
TtsLabel_ObtainLabelCharSeq ok!
PrintLabel ok!
¹ş¹ş$²âÊÔ Ò»ÏÂ$

LPCSynth ok!
tline=  ¹ş¹ş/o ²âÊÔ/v Ò»ÏÂ/m 
TTS_Label_Init ok!
GetWordSegmentAndPosTagger ok!

nWord=3
¹ş¹ş/o ²âÊÔ/v Ò»ÏÂ/m GetProsodicTag ok!
Char2Pinyin ok!

nChar=6
pinyinseq[0]:ha1	ptag[0]     :0
pinyinseq[1]:ha1	ptag[1]     :3
pinyinseq[2]:ce4	ptag[2]     :0
pinyinseq[3]:shi4	ptag[3]     :1
pinyinseq[4]:yi2	ptag[4]     :0
pinyinseq[5]:xia4	ptag[5]     :4
py_bd is over !

nChar=6
pinyinseq[0]:ha1	ptag[0]     :0
pinyinseq[1]:ha1	ptag[1]     :3
pinyinseq[2]:ce4	ptag[2]     :0
pinyinseq[3]:shi4	ptag[3]     :1
pinyinseq[4]:yi2	ptag[4]     :0
pinyinseq[5]:xia4	ptag[5]     :4
TtsLabel_ObtainLabelCharSeq ok!
PrintLabel ok!
¹ş¹ş$²âÊÔ Ò»ÏÂ$

LPCSynth ok!
tline=¹ş¹ş/o ²âÊÔ/v Ò»ÏÂ/m 
TTS_Label_Init ok!
GetWordSegmentAndPosTagger ok!

nWord=3
¹ş¹ş/o ²âÊÔ/v Ò»ÏÂ/m GetProsodicTag ok!
Char2Pinyin ok!

nChar=6
pinyinseq[0]:ha1	ptag[0]     :0
pinyinseq[1]:ha1	ptag[1]     :3
pinyinseq[2]:ce4	ptag[2]     :0
pinyinseq[3]:shi4	ptag[3]     :1
pinyinseq[4]:yi2	ptag[4]     :0
pinyinseq[5]:xia4	ptag[5]     :4
py_bd is over !

nChar=6
pinyinseq[0]:ha1	ptag[0]     :0
pinyinseq[1]:ha1	ptag[1]     :3
pinyinseq[2]:ce4	ptag[2]     :0
pinyinseq[3]:shi4	ptag[3]     :1
pinyinseq[4]:yi2	ptag[4]     :0
pinyinseq[5]:xia4	ptag[5]     :4
TtsLabel_ObtainLabelCharSeq ok!
PrintLabel ok!
¹ş¹ş$²âÊÔ Ò»ÏÂ$

LPCSynth ok!
tline=¹ş¹ş/o ²âÊÔ/v Ò»ÏÂ/m 
TTS_Label_Init ok!
GetWordSegmentAndPosTagger ok!

nWord=3
¹ş¹ş/o ²âÊÔ/v Ò»ÏÂ/m GetProsodicTag ok!
Char2Pinyin ok!

nChar=6
pinyinseq[0]:ha1	ptag[0]     :0
pinyinseq[1]:ha1	ptag[1]     :3
pinyinseq[2]:ce4	ptag[2]     :0
pinyinseq[3]:shi4	ptag[3]     :1
pinyinseq[4]:yi2	ptag[4]     :0
pinyinseq[5]:xia4	ptag[5]     :4
py_bd is over !

nChar=6
pinyinseq[0]:ha1	ptag[0]     :0
pinyinseq[1]:ha1	ptag[1]     :3
pinyinseq[2]:ce4	ptag[2]     :0
pinyinseq[3]:shi4	ptag[3]     :1
pinyinseq[4]:yi2	ptag[4]     :0
pinyinseq[5]:xia4	ptag[5]     :4
TtsLabel_ObtainLabelCharSeq ok!
PrintLabel ok!
¹ş¹ş$²âÊÔ Ò»ÏÂ$

LPCSynth ok!
tline=¹ş¹ş/o ²âÊÔ/v Ò»ÏÂ/m 
TTS_Label_Init ok!
GetWordSegmentAndPosTagger ok!

nWord=3
¹ş¹ş/o ²âÊÔ/v Ò»ÏÂ/m GetProsodicTag ok!
Char2Pinyin ok!

nChar=6
pinyinseq[0]:ha1	ptag[0]     :0
pinyinseq[1]:ha1	ptag[1]     :3
pinyinseq[2]:ce4	ptag[2]     :0
pinyinseq[3]:shi4	ptag[3]     :1
pinyinseq[4]:yi2	ptag[4]     :0
pinyinseq[5]:xia4	ptag[5]     :4
py_bd is over !

nChar=6
pinyinseq[0]:ha1	ptag[0]     :0
pinyinseq[1]:ha1	ptag[1]     :3
pinyinseq[2]:ce4	ptag[2]     :0
pinyinseq[3]:shi4	ptag[3]     :1
pinyinseq[4]:yi2	ptag[4]     :0
pinyinseq[5]:xia4	ptag[5]     :4
TtsLabel_ObtainLabelCharSeq ok!
PrintLabel ok!
¹ş¹ş$²âÊÔ Ò»ÏÂ$

LPCSynth ok!
